{"E:\\sites Development\\varahi\\src\\constants\\company.ts": {"path":"E:\\sites Development\\varahi\\src\\constants\\company.ts","statementMap":{"0":{"start":{"line":10,"column":23},"end":{"line":26,"column":null}},"1":{"start":{"line":31,"column":23},"end":{"line":72,"column":null}},"2":{"start":{"line":77,"column":23},"end":{"line":84,"column":null}},"3":{"start":{"line":89,"column":22},"end":{"line":93,"column":null}},"4":{"start":{"line":98,"column":24},"end":{"line":114,"column":null}},"5":{"start":{"line":119,"column":26},"end":{"line":124,"column":null}},"6":{"start":{"line":129,"column":32},"end":{"line":134,"column":null}},"7":{"start":{"line":139,"column":32},"end":{"line":146,"column":null}},"8":{"start":{"line":151,"column":30},"end":{"line":157,"column":null}},"9":{"start":{"line":162,"column":28},"end":{"line":169,"column":null}}},"fnMap":{},"branchMap":{},"s":{"0":1,"1":1,"2":1,"3":1,"4":1,"5":1,"6":1,"7":1,"8":1,"9":1},"f":{},"b":{},"meta":{"lastBranch":0,"lastFunction":0,"lastStatement":10,"seen":{"s:10:23:26:Infinity":0,"s:31:23:72:Infinity":1,"s:77:23:84:Infinity":2,"s:89:22:93:Infinity":3,"s:98:24:114:Infinity":4,"s:119:26:124:Infinity":5,"s:129:32:134:Infinity":6,"s:139:32:146:Infinity":7,"s:151:30:157:Infinity":8,"s:162:28:169:Infinity":9}}}
,"E:\\sites Development\\varahi\\src\\hooks\\useContactForm.ts": {"path":"E:\\sites Development\\varahi\\src\\hooks\\useContactForm.ts","statementMap":{"0":{"start":{"line":38,"column":43},"end":{"line":52,"column":null}},"1":{"start":{"line":59,"column":30},"end":{"line":59,"column":null}},"2":{"start":{"line":60,"column":26},"end":{"line":60,"column":null}},"3":{"start":{"line":61,"column":38},"end":{"line":61,"column":null}},"4":{"start":{"line":63,"column":8},"end":{"line":75,"column":null}},"5":{"start":{"line":66,"column":34},"end":{"line":66,"column":null}},"6":{"start":{"line":67,"column":21},"end":{"line":69,"column":null}},"7":{"start":{"line":71,"column":4},"end":{"line":74,"column":null}},"8":{"start":{"line":71,"column":25},"end":{"line":74,"column":6}},"9":{"start":{"line":77,"column":8},"end":{"line":81,"column":null}},"10":{"start":{"line":78,"column":4},"end":{"line":78,"column":null}},"11":{"start":{"line":79,"column":4},"end":{"line":79,"column":null}},"12":{"start":{"line":80,"column":4},"end":{"line":80,"column":null}},"13":{"start":{"line":83,"column":24},"end":{"line":86,"column":null}},"14":{"start":{"line":84,"column":23},"end":{"line":84,"column":null}},"15":{"start":{"line":85,"column":4},"end":{"line":85,"column":null}},"16":{"start":{"line":88,"column":8},"end":{"line":137,"column":null}},"17":{"start":{"line":89,"column":4},"end":{"line":89,"column":null}},"18":{"start":{"line":90,"column":4},"end":{"line":90,"column":null}},"19":{"start":{"line":91,"column":4},"end":{"line":91,"column":null}},"20":{"start":{"line":93,"column":4},"end":{"line":136,"column":null}},"21":{"start":{"line":95,"column":6},"end":{"line":97,"column":null}},"22":{"start":{"line":96,"column":8},"end":{"line":96,"column":null}},"23":{"start":{"line":98,"column":6},"end":{"line":100,"column":null}},"24":{"start":{"line":99,"column":8},"end":{"line":99,"column":null}},"25":{"start":{"line":101,"column":6},"end":{"line":103,"column":null}},"26":{"start":{"line":102,"column":8},"end":{"line":102,"column":null}},"27":{"start":{"line":104,"column":6},"end":{"line":106,"column":null}},"28":{"start":{"line":105,"column":8},"end":{"line":105,"column":null}},"29":{"start":{"line":109,"column":43},"end":{"line":119,"column":null}},"30":{"start":{"line":122,"column":21},"end":{"line":122,"column":null}},"31":{"start":{"line":124,"column":6},"end":{"line":130,"column":null}},"32":{"start":{"line":125,"column":8},"end":{"line":125,"column":null}},"33":{"start":{"line":126,"column":8},"end":{"line":126,"column":null}},"34":{"start":{"line":127,"column":8},"end":{"line":127,"column":null}},"35":{"start":{"line":129,"column":8},"end":{"line":129,"column":null}},"36":{"start":{"line":132,"column":18},"end":{"line":132,"column":null}},"37":{"start":{"line":133,"column":6},"end":{"line":133,"column":null}},"38":{"start":{"line":134,"column":6},"end":{"line":134,"column":null}},"39":{"start":{"line":135,"column":6},"end":{"line":135,"column":null}},"40":{"start":{"line":139,"column":2},"end":{"line":147,"column":null}}},"fnMap":{"0":{"name":"useContactForm","decl":{"start":{"line":58,"column":16},"end":{"line":58,"column":31}},"loc":{"start":{"line":58,"column":90},"end":{"line":148,"column":null}},"line":58},"1":{"name":"(anonymous_1)","decl":{"start":{"line":63,"column":35},"end":{"line":63,"column":null}},"loc":{"start":{"line":65,"column":7},"end":{"line":75,"column":5}},"line":65},"2":{"name":"(anonymous_2)","decl":{"start":{"line":71,"column":16},"end":{"line":71,"column":25}},"loc":{"start":{"line":71,"column":25},"end":{"line":74,"column":6}},"line":71},"3":{"name":"(anonymous_3)","decl":{"start":{"line":77,"column":32},"end":{"line":77,"column":38}},"loc":{"start":{"line":77,"column":38},"end":{"line":81,"column":5}},"line":77},"4":{"name":"(anonymous_4)","decl":{"start":{"line":83,"column":24},"end":{"line":83,"column":25}},"loc":{"start":{"line":83,"column":52},"end":{"line":86,"column":null}},"line":83},"5":{"name":"(anonymous_5)","decl":{"start":{"line":88,"column":35},"end":{"line":88,"column":42}},"loc":{"start":{"line":88,"column":65},"end":{"line":137,"column":5}},"line":88}},"branchMap":{"0":{"loc":{"start":{"line":58,"column":31},"end":{"line":58,"column":90}},"type":"default-arg","locations":[{"start":{"line":58,"column":64},"end":{"line":58,"column":90}}],"line":58},"1":{"loc":{"start":{"line":67,"column":21},"end":{"line":69,"column":null}},"type":"cond-expr","locations":[{"start":{"line":68,"column":9},"end":{"line":68,"column":null}},{"start":{"line":69,"column":8},"end":{"line":69,"column":null}}],"line":67},"2":{"loc":{"start":{"line":95,"column":6},"end":{"line":97,"column":null}},"type":"if","locations":[{"start":{"line":95,"column":6},"end":{"line":97,"column":null}},{"start":{},"end":{}}],"line":95},"3":{"loc":{"start":{"line":98,"column":6},"end":{"line":100,"column":null}},"type":"if","locations":[{"start":{"line":98,"column":6},"end":{"line":100,"column":null}},{"start":{},"end":{}}],"line":98},"4":{"loc":{"start":{"line":101,"column":6},"end":{"line":103,"column":null}},"type":"if","locations":[{"start":{"line":101,"column":6},"end":{"line":103,"column":null}},{"start":{},"end":{}}],"line":101},"5":{"loc":{"start":{"line":104,"column":6},"end":{"line":106,"column":null}},"type":"if","locations":[{"start":{"line":104,"column":6},"end":{"line":106,"column":null}},{"start":{},"end":{}}],"line":104},"6":{"loc":{"start":{"line":112,"column":17},"end":{"line":112,"column":null}},"type":"binary-expr","locations":[{"start":{"line":112,"column":17},"end":{"line":112,"column":44}},{"start":{"line":112,"column":44},"end":{"line":112,"column":null}}],"line":112},"7":{"loc":{"start":{"line":115,"column":21},"end":{"line":115,"column":null}},"type":"binary-expr","locations":[{"start":{"line":115,"column":21},"end":{"line":115,"column":44}},{"start":{"line":115,"column":44},"end":{"line":115,"column":68}},{"start":{"line":115,"column":68},"end":{"line":115,"column":88}},{"start":{"line":115,"column":88},"end":{"line":115,"column":null}}],"line":115},"8":{"loc":{"start":{"line":124,"column":6},"end":{"line":130,"column":null}},"type":"if","locations":[{"start":{"line":124,"column":6},"end":{"line":130,"column":null}},{"start":{"line":128,"column":13},"end":{"line":130,"column":null}}],"line":124},"9":{"loc":{"start":{"line":129,"column":24},"end":{"line":129,"column":66}},"type":"binary-expr","locations":[{"start":{"line":129,"column":24},"end":{"line":129,"column":42}},{"start":{"line":129,"column":42},"end":{"line":129,"column":66}}],"line":129},"10":{"loc":{"start":{"line":132,"column":18},"end":{"line":132,"column":null}},"type":"cond-expr","locations":[{"start":{"line":132,"column":43},"end":{"line":132,"column":51}},{"start":{"line":132,"column":51},"end":{"line":132,"column":null}}],"line":132}},"s":{"0":1,"1":23,"2":23,"3":23,"4":23,"5":17,"6":17,"7":17,"8":17,"9":23,"10":3,"11":3,"12":3,"13":23,"14":4,"15":4,"16":23,"17":5,"18":5,"19":5,"20":5,"21":5,"22":1,"23":4,"24":0,"25":4,"26":1,"27":3,"28":0,"29":3,"30":5,"31":3,"32":2,"33":2,"34":2,"35":1,"36":3,"37":3,"38":3,"39":3,"40":23},"f":{"0":23,"1":17,"2":17,"3":3,"4":4,"5":5},"b":{"0":[23],"1":[1,16],"2":[1,4],"3":[0,4],"4":[1,3],"5":[0,3],"6":[3,3],"7":[5,3,3,3],"8":[2,1],"9":[1,0],"10":[3,0]},"meta":{"lastBranch":11,"lastFunction":6,"lastStatement":41,"seen":{"s:38:43:52:Infinity":0,"f:58:16:58:31":0,"b:58:64:58:90":0,"s:59:30:59:Infinity":1,"s:60:26:60:Infinity":2,"s:61:38:61:Infinity":3,"s:63:8:75:Infinity":4,"f:63:35:63:Infinity":1,"s:66:34:66:Infinity":5,"s:67:21:69:Infinity":6,"b:68:9:68:Infinity:69:8:69:Infinity":1,"s:71:4:74:Infinity":7,"f:71:16:71:25":2,"s:71:25:74:6":8,"s:77:8:81:Infinity":9,"f:77:32:77:38":3,"s:78:4:78:Infinity":10,"s:79:4:79:Infinity":11,"s:80:4:80:Infinity":12,"s:83:24:86:Infinity":13,"f:83:24:83:25":4,"s:84:23:84:Infinity":14,"s:85:4:85:Infinity":15,"s:88:8:137:Infinity":16,"f:88:35:88:42":5,"s:89:4:89:Infinity":17,"s:90:4:90:Infinity":18,"s:91:4:91:Infinity":19,"s:93:4:136:Infinity":20,"b:95:6:97:Infinity:undefined:undefined:undefined:undefined":2,"s:95:6:97:Infinity":21,"s:96:8:96:Infinity":22,"b:98:6:100:Infinity:undefined:undefined:undefined:undefined":3,"s:98:6:100:Infinity":23,"s:99:8:99:Infinity":24,"b:101:6:103:Infinity:undefined:undefined:undefined:undefined":4,"s:101:6:103:Infinity":25,"s:102:8:102:Infinity":26,"b:104:6:106:Infinity:undefined:undefined:undefined:undefined":5,"s:104:6:106:Infinity":27,"s:105:8:105:Infinity":28,"s:109:43:119:Infinity":29,"b:112:17:112:44:112:44:112:Infinity":6,"b:115:21:115:44:115:44:115:68:115:68:115:88:115:88:115:Infinity":7,"s:122:21:122:Infinity":30,"b:124:6:130:Infinity:128:13:130:Infinity":8,"s:124:6:130:Infinity":31,"s:125:8:125:Infinity":32,"s:126:8:126:Infinity":33,"s:127:8:127:Infinity":34,"s:129:8:129:Infinity":35,"b:129:24:129:42:129:42:129:66":9,"s:132:18:132:Infinity":36,"b:132:43:132:51:132:51:132:Infinity":10,"s:133:6:133:Infinity":37,"s:134:6:134:Infinity":38,"s:135:6:135:Infinity":39,"s:139:2:147:Infinity":40}}}
,"E:\\sites Development\\varahi\\src\\services\\emailService.ts": {"path":"E:\\sites Development\\varahi\\src\\services\\emailService.ts","statementMap":{"0":{"start":{"line":5,"column":23},"end":{"line":10,"column":null}},"1":{"start":{"line":13,"column":0},"end":{"line":13,"column":null}},"2":{"start":{"line":35,"column":4},"end":{"line":94,"column":null}},"3":{"start":{"line":37,"column":6},"end":{"line":39,"column":null}},"4":{"start":{"line":38,"column":8},"end":{"line":38,"column":null}},"5":{"start":{"line":42,"column":29},"end":{"line":55,"column":null}},"6":{"start":{"line":57,"column":23},"end":{"line":61,"column":null}},"7":{"start":{"line":63,"column":6},"end":{"line":70,"column":null}},"8":{"start":{"line":64,"column":8},"end":{"line":67,"column":null}},"9":{"start":{"line":69,"column":8},"end":{"line":69,"column":null}},"10":{"start":{"line":72,"column":6},"end":{"line":72,"column":null}},"11":{"start":{"line":75,"column":22},"end":{"line":75,"column":null}},"12":{"start":{"line":76,"column":19},"end":{"line":86,"column":null}},"13":{"start":{"line":88,"column":6},"end":{"line":88,"column":null}},"14":{"start":{"line":90,"column":6},"end":{"line":93,"column":null}},"15":{"start":{"line":98,"column":4},"end":{"line":139,"column":null}},"16":{"start":{"line":99,"column":6},"end":{"line":101,"column":null}},"17":{"start":{"line":100,"column":8},"end":{"line":100,"column":null}},"18":{"start":{"line":104,"column":25},"end":{"line":104,"column":null}},"19":{"start":{"line":105,"column":6},"end":{"line":107,"column":null}},"20":{"start":{"line":106,"column":8},"end":{"line":106,"column":null}},"21":{"start":{"line":109,"column":29},"end":{"line":116,"column":null}},"22":{"start":{"line":118,"column":23},"end":{"line":122,"column":null}},"23":{"start":{"line":124,"column":6},"end":{"line":131,"column":null}},"24":{"start":{"line":125,"column":8},"end":{"line":128,"column":null}},"25":{"start":{"line":130,"column":8},"end":{"line":130,"column":null}},"26":{"start":{"line":133,"column":6},"end":{"line":133,"column":null}},"27":{"start":{"line":135,"column":6},"end":{"line":138,"column":null}},"28":{"start":{"line":143,"column":4},"end":{"line":174,"column":null}},"29":{"start":{"line":144,"column":29},"end":{"line":154,"column":null}},"30":{"start":{"line":156,"column":23},"end":{"line":160,"column":null}},"31":{"start":{"line":162,"column":6},"end":{"line":167,"column":null}},"32":{"start":{"line":169,"column":6},"end":{"line":169,"column":null}},"33":{"start":{"line":170,"column":6},"end":{"line":173,"column":null}}},"fnMap":{"0":{"name":"(anonymous_0)","decl":{"start":{"line":34,"column":15},"end":{"line":34,"column":31}},"loc":{"start":{"line":34,"column":102},"end":{"line":95,"column":null}},"line":34},"1":{"name":"(anonymous_1)","decl":{"start":{"line":97,"column":15},"end":{"line":97,"column":37}},"loc":{"start":{"line":97,"column":107},"end":{"line":140,"column":null}},"line":97},"2":{"name":"(anonymous_2)","decl":{"start":{"line":142,"column":15},"end":{"line":142,"column":34}},"loc":{"start":{"line":142,"column":149},"end":{"line":175,"column":null}},"line":142}},"branchMap":{"0":{"loc":{"start":{"line":6,"column":14},"end":{"line":6,"column":null}},"type":"binary-expr","locations":[{"start":{"line":6,"column":14},"end":{"line":6,"column":57}},{"start":{"line":6,"column":57},"end":{"line":6,"column":null}}],"line":6},"1":{"loc":{"start":{"line":7,"column":23},"end":{"line":7,"column":null}},"type":"binary-expr","locations":[{"start":{"line":7,"column":23},"end":{"line":7,"column":72}},{"start":{"line":7,"column":72},"end":{"line":7,"column":null}}],"line":7},"2":{"loc":{"start":{"line":8,"column":26},"end":{"line":8,"column":null}},"type":"binary-expr","locations":[{"start":{"line":8,"column":26},"end":{"line":8,"column":78}},{"start":{"line":8,"column":78},"end":{"line":8,"column":null}}],"line":8},"3":{"loc":{"start":{"line":9,"column":14},"end":{"line":9,"column":null}},"type":"binary-expr","locations":[{"start":{"line":9,"column":14},"end":{"line":9,"column":57}},{"start":{"line":9,"column":57},"end":{"line":9,"column":null}}],"line":9},"4":{"loc":{"start":{"line":37,"column":6},"end":{"line":39,"column":null}},"type":"if","locations":[{"start":{"line":37,"column":6},"end":{"line":39,"column":null}},{"start":{},"end":{}}],"line":37},"5":{"loc":{"start":{"line":37,"column":10},"end":{"line":37,"column":54}},"type":"binary-expr","locations":[{"start":{"line":37,"column":10},"end":{"line":37,"column":24}},{"start":{"line":37,"column":24},"end":{"line":37,"column":39}},{"start":{"line":37,"column":39},"end":{"line":37,"column":54}}],"line":37},"6":{"loc":{"start":{"line":47,"column":15},"end":{"line":47,"column":null}},"type":"binary-expr","locations":[{"start":{"line":47,"column":15},"end":{"line":47,"column":29}},{"start":{"line":47,"column":29},"end":{"line":47,"column":null}}],"line":47},"7":{"loc":{"start":{"line":48,"column":22},"end":{"line":48,"column":null}},"type":"binary-expr","locations":[{"start":{"line":48,"column":22},"end":{"line":48,"column":42}},{"start":{"line":48,"column":42},"end":{"line":48,"column":null}}],"line":48},"8":{"loc":{"start":{"line":49,"column":17},"end":{"line":49,"column":null}},"type":"binary-expr","locations":[{"start":{"line":49,"column":17},"end":{"line":49,"column":33}},{"start":{"line":49,"column":33},"end":{"line":49,"column":null}}],"line":49},"9":{"loc":{"start":{"line":51,"column":16},"end":{"line":51,"column":null}},"type":"binary-expr","locations":[{"start":{"line":51,"column":16},"end":{"line":51,"column":31}},{"start":{"line":51,"column":31},"end":{"line":51,"column":null}}],"line":51},"10":{"loc":{"start":{"line":52,"column":18},"end":{"line":52,"column":null}},"type":"binary-expr","locations":[{"start":{"line":52,"column":18},"end":{"line":52,"column":35}},{"start":{"line":52,"column":35},"end":{"line":52,"column":null}}],"line":52},"11":{"loc":{"start":{"line":63,"column":6},"end":{"line":70,"column":null}},"type":"if","locations":[{"start":{"line":63,"column":6},"end":{"line":70,"column":null}},{"start":{"line":68,"column":13},"end":{"line":70,"column":null}}],"line":63},"12":{"loc":{"start":{"line":80,"column":18},"end":{"line":80,"column":46}},"type":"binary-expr","locations":[{"start":{"line":80,"column":18},"end":{"line":80,"column":32}},{"start":{"line":80,"column":32},"end":{"line":80,"column":46}}],"line":80},"13":{"loc":{"start":{"line":81,"column":25},"end":{"line":81,"column":54}},"type":"binary-expr","locations":[{"start":{"line":81,"column":25},"end":{"line":81,"column":45}},{"start":{"line":81,"column":45},"end":{"line":81,"column":54}}],"line":81},"14":{"loc":{"start":{"line":82,"column":20},"end":{"line":82,"column":44}},"type":"binary-expr","locations":[{"start":{"line":82,"column":20},"end":{"line":82,"column":36}},{"start":{"line":82,"column":36},"end":{"line":82,"column":44}}],"line":82},"15":{"loc":{"start":{"line":83,"column":19},"end":{"line":83,"column":49}},"type":"binary-expr","locations":[{"start":{"line":83,"column":19},"end":{"line":83,"column":34}},{"start":{"line":83,"column":34},"end":{"line":83,"column":49}}],"line":83},"16":{"loc":{"start":{"line":84,"column":21},"end":{"line":84,"column":53}},"type":"binary-expr","locations":[{"start":{"line":84,"column":21},"end":{"line":84,"column":38}},{"start":{"line":84,"column":38},"end":{"line":84,"column":53}}],"line":84},"17":{"loc":{"start":{"line":99,"column":6},"end":{"line":101,"column":null}},"type":"if","locations":[{"start":{"line":99,"column":6},"end":{"line":101,"column":null}},{"start":{},"end":{}}],"line":99},"18":{"loc":{"start":{"line":105,"column":6},"end":{"line":107,"column":null}},"type":"if","locations":[{"start":{"line":105,"column":6},"end":{"line":107,"column":null}},{"start":{},"end":{}}],"line":105},"19":{"loc":{"start":{"line":112,"column":25},"end":{"line":112,"column":null}},"type":"binary-expr","locations":[{"start":{"line":112,"column":25},"end":{"line":112,"column":38}},{"start":{"line":112,"column":38},"end":{"line":112,"column":null}}],"line":112},"20":{"loc":{"start":{"line":113,"column":21},"end":{"line":113,"column":null}},"type":"binary-expr","locations":[{"start":{"line":113,"column":21},"end":{"line":113,"column":53}},{"start":{"line":113,"column":53},"end":{"line":113,"column":null}}],"line":113},"21":{"loc":{"start":{"line":124,"column":6},"end":{"line":131,"column":null}},"type":"if","locations":[{"start":{"line":124,"column":6},"end":{"line":131,"column":null}},{"start":{"line":129,"column":13},"end":{"line":131,"column":null}}],"line":124},"22":{"loc":{"start":{"line":137,"column":17},"end":{"line":137,"column":null}},"type":"cond-expr","locations":[{"start":{"line":137,"column":42},"end":{"line":137,"column":58}},{"start":{"line":137,"column":58},"end":{"line":137,"column":null}}],"line":137},"23":{"loc":{"start":{"line":164,"column":17},"end":{"line":166,"column":null}},"type":"cond-expr","locations":[{"start":{"line":165,"column":12},"end":{"line":165,"column":null}},{"start":{"line":166,"column":12},"end":{"line":166,"column":null}}],"line":164}},"s":{"0":1,"1":1,"2":5,"3":5,"4":3,"5":2,"6":5,"7":2,"8":2,"9":0,"10":3,"11":3,"12":3,"13":3,"14":3,"15":8,"16":8,"17":1,"18":7,"19":7,"20":5,"21":2,"22":8,"23":2,"24":2,"25":0,"26":6,"27":6,"28":0,"29":0,"30":0,"31":0,"32":0,"33":0},"f":{"0":1,"1":1,"2":1},"b":{"0":[1,1],"1":[1,1],"2":[1,1],"3":[1,1],"4":[3,2],"5":[5,4,3],"6":[2,1],"7":[5,1],"8":[5,1],"9":[5,2],"10":[5,2],"11":[2,0],"12":[3,3],"13":[3,3],"14":[3,3],"15":[3,3],"16":[3,3],"17":[1,7],"18":[5,2],"19":[2,1],"20":[8,1],"21":[2,0],"22":[6,0],"23":[0,0]},"meta":{"lastBranch":24,"lastFunction":3,"lastStatement":34,"seen":{"s:5:23:10:Infinity":0,"b:6:14:6:57:6:57:6:Infinity":0,"b:7:23:7:72:7:72:7:Infinity":1,"b:8:26:8:78:8:78:8:Infinity":2,"b:9:14:9:57:9:57:9:Infinity":3,"s:13:0:13:Infinity":1,"f:34:15:34:31":0,"s:35:4:94:Infinity":2,"b:37:6:39:Infinity:undefined:undefined:undefined:undefined":4,"s:37:6:39:Infinity":3,"b:37:10:37:24:37:24:37:39:37:39:37:54":5,"s:38:8:38:Infinity":4,"s:42:29:55:Infinity":5,"b:47:15:47:29:47:29:47:Infinity":6,"b:48:22:48:42:48:42:48:Infinity":7,"b:49:17:49:33:49:33:49:Infinity":8,"b:51:16:51:31:51:31:51:Infinity":9,"b:52:18:52:35:52:35:52:Infinity":10,"s:57:23:61:Infinity":6,"b:63:6:70:Infinity:68:13:70:Infinity":11,"s:63:6:70:Infinity":7,"s:64:8:67:Infinity":8,"s:69:8:69:Infinity":9,"s:72:6:72:Infinity":10,"s:75:22:75:Infinity":11,"s:76:19:86:Infinity":12,"b:80:18:80:32:80:32:80:46":12,"b:81:25:81:45:81:45:81:54":13,"b:82:20:82:36:82:36:82:44":14,"b:83:19:83:34:83:34:83:49":15,"b:84:21:84:38:84:38:84:53":16,"s:88:6:88:Infinity":13,"s:90:6:93:Infinity":14,"f:97:15:97:37":1,"s:98:4:139:Infinity":15,"b:99:6:101:Infinity:undefined:undefined:undefined:undefined":17,"s:99:6:101:Infinity":16,"s:100:8:100:Infinity":17,"s:104:25:104:Infinity":18,"b:105:6:107:Infinity:undefined:undefined:undefined:undefined":18,"s:105:6:107:Infinity":19,"s:106:8:106:Infinity":20,"s:109:29:116:Infinity":21,"b:112:25:112:38:112:38:112:Infinity":19,"b:113:21:113:53:113:53:113:Infinity":20,"s:118:23:122:Infinity":22,"b:124:6:131:Infinity:129:13:131:Infinity":21,"s:124:6:131:Infinity":23,"s:125:8:128:Infinity":24,"s:130:8:130:Infinity":25,"s:133:6:133:Infinity":26,"s:135:6:138:Infinity":27,"b:137:42:137:58:137:58:137:Infinity":22,"f:142:15:142:34":2,"s:143:4:174:Infinity":28,"s:144:29:154:Infinity":29,"s:156:23:160:Infinity":30,"s:162:6:167:Infinity":31,"b:165:12:165:Infinity:166:12:166:Infinity":23,"s:169:6:169:Infinity":32,"s:170:6:173:Infinity":33}}}
}
